<?xml version='1.0' encoding='UTF-8'?>
<testsuite hostname="pavel-NX05S" name="funsets.FunSetSuite" tests="11" errors="0" failures="0" time="1.192">
                     <properties>
[...]
</properties>
                     <testcase classname="funsets.FunSetSuite" name="string take" time="0.082">
                                                 
                                               </testcase><testcase classname="funsets.FunSetSuite" name="adding ints" time="0.063">
                                                 
                                               </testcase><testcase classname="funsets.FunSetSuite" name="contains is implemented" time="0.269">
                                                 
                                               </testcase><testcase classname="funsets.FunSetSuite" name="singletonSet(1) contains 1" time="0.189">
                                                 
                                               </testcase><testcase classname="funsets.FunSetSuite" name="union contains all elements" time="0.133">
                                                 
                                               </testcase><testcase classname="funsets.FunSetSuite" name="intersections" time="0.065">
                                                 
                                               </testcase><testcase classname="funsets.FunSetSuite" name="difference" time="0.052">
                                                 
                                               </testcase><testcase classname="funsets.FunSetSuite" name="filtering" time="0.062">
                                                 
                                               </testcase><testcase classname="funsets.FunSetSuite" name="forall predicate" time="0.123">
                                                 
                                               </testcase><testcase classname="funsets.FunSetSuite" name="exists predicate" time="0.066">
                                                 
                                               </testcase><testcase classname="funsets.FunSetSuite" name="mapping" time="0.088">
                                                 
                                               </testcase>
                     <system-out></system-out>
                     <system-err></system-err>
                   </testsuite>